<html xmlns:math="http://exslt.org/math" xmlns:testng="http://testng.org">
   <head>
      <title>TestNG Results</title>
      <meta http-equiv="content-type" content="text/html; charset=utf-8"></meta>
      <meta http-equiv="pragma" content="no-cache"></meta>
      <meta http-equiv="cache-control" content="max-age=0"></meta>
      <meta http-equiv="cache-control" content="no-cache"></meta>
      <meta http-equiv="cache-control" content="no-store"></meta>
      <LINK rel="stylesheet" href="style.css"></LINK>
      <script type="text/javascript" src="main.js"></script>
   </head>
   <body>
      <table width="100%" style="font-size: 16px; margin-bottom: 10px;" cellspacing="1">
         <tr>
            <td width="100%">
               All methods in suite
               
               <b>My Sample Suite</b>
            </td>
            <td style="background-color: #FFBBBB; padding: 3px 3px 3px 0;" align="center">
               <div style="width: 50px;">1</div>
            </td>
            <td style="background-color: lightgreen; padding: 3px 3px 3px 0;" align="center">
               <div style="width: 50px;">1</div>
            </td>
            <td style="background-color: #FFFFBB; padding: 3px 3px 3px 0;" align="center">
               <div style="width: 50px;">0</div>
            </td>
            <td align="center" style="background-color: #eaf0f7; padding: 3px 3px 3px 0;">
               <div style="width: 50px;">2</div>
            </td>
            <td align="center"
                style="font-weight: bold; background-color: #eaf0f7; padding: 3px 3px 3px 0;">
               <div style="width: 50px;">50%</div>
            </td>
            <td style="background-color: #eaf0f7; padding: 3px 3px 3px 0;" align="center"
                nowrap="true">1m
               23s
               
            </td>
         </tr>
      </table>
      <div style="width: 200px;">
         <label for="groupMethodsCheckBox" style="font-weight: bold; margin: 0;">
            <input id="groupMethodsCheckBox" type="checkbox" onclick="switchTestMethodsView(this)"></input>
            Group by class
            
         </label>
         <br></br>
         <label for="methodsFilter_ALL" style="font-weight: bold; margin: 0;">
            <input id="methodsFilter_ALL" type="checkbox"
                   onclick="testMethodsFilterChanged(this, 'ALL')"></input>
            All
            
         </label>
      </div>
      <label for="methodsFilter_FAIL" style="margin-left: 20px;">
         <input id="methodsFilter_FAIL" type="checkbox"
                onclick="testMethodsFilterChanged(this, 'FAIL')"
                checked=""></input>
         Failed
         
      </label>
      <label for="methodsFilter_PASS">
         <input id="methodsFilter_PASS" type="checkbox"
                onclick="testMethodsFilterChanged(this, 'PASS')"
                checked=""></input>
         Passed
         
      </label>
      <label for="methodsFilter_SKIP">
         <input id="methodsFilter_SKIP" type="checkbox"
                onclick="testMethodsFilterChanged(this, 'SKIP')"
                checked=""></input>
         Skipped
         
      </label>
      <label for="methodsFilter_CONF">
         <input id="methodsFilter_CONF" type="checkbox"
                onclick="testMethodsFilterChanged(this, 'CONF')"></input>
         Config
         
      </label>
      <br></br>
      <div id="testMethodsByStatus">
         <table class="testMethodsTable" cellpadding="0" cellspacing="0">
            <tr class="methodsTableHeader">
               <td width="100%">Name</td>
               <td nowrap="true">Started</td>
               <td nowrap="true">Duration</td>
               <td>Exception</td>
            </tr>
            <tr id="testcases.Create_Mtroutes_mtroute_byStatus_failed_FAIL1_row"
                class="testMethodStatusFAIL">
               <td width="100%" class="firstMethodCell">
                  <a onclick="toggleDetailsVisibility('testcases.Create_Mtroutes_mtroute_byStatus_failed_FAIL1_details')">mtroute({Username=qa, Shortcode=66474, Password=password1, Runmode=, Browser=firefox})</a>
               </td>
               <td nowrap="true">13:28:20</td>
               <td nowrap="true" align="right">48s
                  
               </td>
               <td nowrap="true">
                  <a onclick="toggleDetailsVisibility('testcases.Create_Mtroutes_mtroute_byStatus_failed_FAIL1_exception')">org.openqa.selenium.ElementNotVisibleException: 
                     Element is not currently visible and so may not be interacted with
                     Command duration or timeout: 20.10 seconds
                     Build info: version: '2.37.0', revision: 'a7c61cb', time: '2013-10-18 17:15:02'
                     System info: host: 'CHEN-BRajkumar', ip: '10.20.54.95', os.name: 'Windows 7', os.arch: 'amd64', os.version: '6.1', java.version:
                     '1.7.0_40'
                     Session ID: 09a3ede9-8cd8-4889-9557-11e3169b7ade
                     Driver info: org.openqa.selenium.firefox.FirefoxDriver
                     Capabilities [{platform=XP, databaseEnabled=true, cssSelectorsEnabled=true, javascriptEnabled=true, acceptSslCerts=true, handlesAlerts=true,
                     browserName=firefox, browserConnectionEnabled=true, nativeEvents=true, webStorageEnabled=true, rotatable=false, locationContextEnabled=true,
                     applicationCacheEnabled=true, takesScreenshot=true, version=17.0}]
                     
                  </a>
                   
                  
               </td>
            </tr>
            <tr>
               <td colspan="4" class="detailsBox">
                  <div id="testcases.Create_Mtroutes_mtroute_byStatus_failed_FAIL1_details"
                       class="testMethodDetails">
                     <div>
                        <b>Name: </b>mtroute
                     </div>
                     <div>
                        <b>Signature: </b>mtroute(java.util.Hashtable)[pri:0, instance:testcases.Create_Mtroutes@35807b9a]
                     </div>
                     <div>
                        <b>Parameters: </b>
                        
                        {Username=qa, Shortcode=66474, Password=password1, Runmode=, Browser=firefox}
                        
                        
                     </div>
                     <div>
                        <b>Start time: </b>13:28:20
                     </div>
                     <div>
                        <b>End time: </b>13:29:08
                     </div>
                     <div>
                        <b>Duration: </b>48s
                        
                     </div>
                  </div>
               </td>
            </tr>
            <tr>
               <td colspan="4" class="detailsBox">
                  <div id="testcases.Create_Mtroutes_mtroute_byStatus_failed_FAIL1_exception"
                       class="testMethodDetails">
                     <pre style="padding: 5px; margin: 0;">org.openqa.selenium.ElementNotVisibleException: Element is not currently visible and so may not be interacted with
                        Command duration or timeout: 20.10 seconds
                        Build info: version: '2.37.0', revision: 'a7c61cb', time: '2013-10-18 17:15:02'
                        System info: host: 'CHEN-BRajkumar', ip: '10.20.54.95', os.name: 'Windows 7', os.arch: 'amd64', os.version: '6.1', java.version:
                        '1.7.0_40'
                        Session ID: 09a3ede9-8cd8-4889-9557-11e3169b7ade
                        Driver info: org.openqa.selenium.firefox.FirefoxDriver
                        Capabilities [{platform=XP, databaseEnabled=true, cssSelectorsEnabled=true, javascriptEnabled=true, acceptSslCerts=true, handlesAlerts=true,
                        browserName=firefox, browserConnectionEnabled=true, nativeEvents=true, webStorageEnabled=true, rotatable=false, locationContextEnabled=true,
                        applicationCacheEnabled=true, takesScreenshot=true, version=17.0}]
                        	at sun.reflect.NativeConstructorAccessorImpl.newInstance0(Native Method)
                        	at sun.reflect.NativeConstructorAccessorImpl.newInstance(Unknown Source)
                        	at sun.reflect.DelegatingConstructorAccessorImpl.newInstance(Unknown Source)
                        	at java.lang.reflect.Constructor.newInstance(Unknown Source)
                        	at org.openqa.selenium.remote.ErrorHandler.createThrowable(ErrorHandler.java:193)
                        	at org.openqa.selenium.remote.ErrorHandler.throwIfResponseFailed(ErrorHandler.java:145)
                        	at org.openqa.selenium.remote.RemoteWebDriver.execute(RemoteWebDriver.java:554)
                        	at org.openqa.selenium.remote.RemoteWebElement.execute(RemoteWebElement.java:268)
                        	at org.openqa.selenium.remote.RemoteWebElement.click(RemoteWebElement.java:79)
                        	at utility.keywords.click(keywords.java:75)
                        	at utility.keywords.executeKeywords(keywords.java:61)
                        	at testcases.Create_Mtroutes.mtroute(Create_Mtroutes.java:32)
                        	at sun.reflect.NativeMethodAccessorImpl.invoke0(Native Method)
                        	at sun.reflect.NativeMethodAccessorImpl.invoke(Unknown Source)
                        	at sun.reflect.DelegatingMethodAccessorImpl.invoke(Unknown Source)
                        	at java.lang.reflect.Method.invoke(Unknown Source)
                        	at org.testng.internal.MethodInvocationHelper.invokeMethod(MethodInvocationHelper.java:84)
                        	at org.testng.internal.Invoker.invokeMethod(Invoker.java:714)
                        	at org.testng.internal.Invoker.invokeTestMethod(Invoker.java:901)
                        	at org.testng.internal.Invoker.invokeTestMethods(Invoker.java:1231)
                        	at org.testng.internal.TestMethodWorker.invokeTestMethods(TestMethodWorker.java:127)
                        	at org.testng.internal.TestMethodWorker.run(TestMethodWorker.java:111)
                        	at org.testng.TestRunner.privateRun(TestRunner.java:767)
                        	at org.testng.TestRunner.run(TestRunner.java:617)
                        	at org.testng.SuiteRunner.runTest(SuiteRunner.java:334)
                        	at org.testng.SuiteRunner.runSequentially(SuiteRunner.java:329)
                        	at org.testng.SuiteRunner.privateRun(SuiteRunner.java:291)
                        	at org.testng.SuiteRunner.run(SuiteRunner.java:240)
                        	at org.testng.SuiteRunnerWorker.runSuite(SuiteRunnerWorker.java:52)
                        	at org.testng.SuiteRunnerWorker.run(SuiteRunnerWorker.java:86)
                        	at org.testng.TestNG.runSuitesSequentially(TestNG.java:1224)
                        	at org.testng.TestNG.runSuitesLocally(TestNG.java:1149)
                        	at org.testng.TestNG.run(TestNG.java:1057)
                        	at org.testng.TestNG.privateMain(TestNG.java:1364)
                        	at org.testng.TestNG.main(TestNG.java:1333)
                        Caused by: org.openqa.selenium.remote.ErrorHandler$UnknownServerException: Element is not currently visible and so may not
                        be interacted with
                        Build info: version: '2.37.0', revision: 'a7c61cb', time: '2013-10-18 17:15:02'
                        System info: host: 'CHEN-BRajkumar', ip: '10.20.54.95', os.name: 'Windows 7', os.arch: 'amd64', os.version: '6.1', java.version:
                        '1.7.0_40'
                        Driver info: driver.version: unknown
                        	at &lt;anonymous class&gt;.fxdriver.preconditions.visible(file:///C:/Users/RBALAS~1/AppData/Local/Temp/anonymous6308395675762354780webdriver-profile/extensions/fxdriver@googlecode.com/components/command_processor.js:8210)
                        	at &lt;anonymous class&gt;.DelayedCommand.checkPreconditions_(file:///C:/Users/RBALAS~1/AppData/Local/Temp/anonymous6308395675762354780webdriver-profile/extensions/fxdriver@googlecode.com/components/command_processor.js:10827)
                        	at &lt;anonymous class&gt;.DelayedCommand.executeInternal_/h(file:///C:/Users/RBALAS~1/AppData/Local/Temp/anonymous6308395675762354780webdriver-profile/extensions/fxdriver@googlecode.com/components/command_processor.js:10844)
                        	at &lt;anonymous class&gt;.fxdriver.Timer.setTimeout/&lt;.notify(file:///C:/Users/RBALAS~1/AppData/Local/Temp/anonymous6308395675762354780webdriver-profile/extensions/fxdriver@googlecode.com/components/command_processor.js:396)
                     </pre>
                  </div>
               </td>
            </tr>
            <tr id="testcases.Create_Shortcodes_createshortcode_byStatus_passed_PASS1_row"
                class="testMethodStatusPASS">
               <td width="100%" class="firstMethodCell">
                  <a onclick="toggleDetailsVisibility('testcases.Create_Shortcodes_createshortcode_byStatus_passed_PASS1_details')">createshortcode({Username=qa, Shortcode=66787, Password=password1, Runmode=, Customer=Air2Web, Browser=firefox})</a>
               </td>
               <td nowrap="true">13:27:47</td>
               <td nowrap="true" align="right">33s
                  
               </td>
               <td nowrap="true">
                   
                  
               </td>
            </tr>
            <tr>
               <td colspan="4" class="detailsBox">
                  <div id="testcases.Create_Shortcodes_createshortcode_byStatus_passed_PASS1_details"
                       class="testMethodDetails">
                     <div>
                        <b>Name: </b>createshortcode
                     </div>
                     <div>
                        <b>Signature: </b>createshortcode(java.util.Hashtable)[pri:0, instance:testcases.Create_Shortcodes@71922339]
                     </div>
                     <div>
                        <b>Parameters: </b>
                        
                        {Username=qa, Shortcode=66787, Password=password1, Runmode=, Customer=Air2Web, Browser=firefox}
                        
                        
                     </div>
                     <div>
                        <b>Start time: </b>13:27:47
                     </div>
                     <div>
                        <b>End time: </b>13:28:20
                     </div>
                     <div>
                        <b>Duration: </b>33s
                        
                     </div>
                  </div>
               </td>
            </tr>
            <tr></tr>
         </table>
      </div>
      <div id="testMethodsByClass" style="display: none;">
         <table class="testMethodsTable" cellpadding="0" cellspacing="0">
            <tr>
               <td colspan="4">
                  <h3 style="display: inline;">testcases.Create_Mtroutes</h3>
               </td>
            </tr>
            <tr class="methodsTableHeader">
               <td width="100%">Name</td>
               <td nowrap="true">Started</td>
               <td nowrap="true">Duration</td>
               <td>Exception</td>
            </tr>
            <tr id="testcases.Create_Mtroutes_mtroute_byClass_FAIL1_row"
                class="testMethodStatusFAIL">
               <td width="100%" class="firstMethodCell">
                  <a onclick="toggleDetailsVisibility('testcases.Create_Mtroutes_mtroute_byClass_FAIL1_details')">mtroute({Username=qa, Shortcode=66474, Password=password1, Runmode=, Browser=firefox})</a>
               </td>
               <td nowrap="true">13:28:20</td>
               <td nowrap="true" align="right">48s
                  
               </td>
               <td nowrap="true">
                  <a onclick="toggleDetailsVisibility('testcases.Create_Mtroutes_mtroute_byClass_FAIL1_exception')">org.openqa.selenium.ElementNotVisibleException: 
                     Element is not currently visible and so may not be interacted with
                     Command duration or timeout: 20.10 seconds
                     Build info: version: '2.37.0', revision: 'a7c61cb', time: '2013-10-18 17:15:02'
                     System info: host: 'CHEN-BRajkumar', ip: '10.20.54.95', os.name: 'Windows 7', os.arch: 'amd64', os.version: '6.1', java.version:
                     '1.7.0_40'
                     Session ID: 09a3ede9-8cd8-4889-9557-11e3169b7ade
                     Driver info: org.openqa.selenium.firefox.FirefoxDriver
                     Capabilities [{platform=XP, databaseEnabled=true, cssSelectorsEnabled=true, javascriptEnabled=true, acceptSslCerts=true, handlesAlerts=true,
                     browserName=firefox, browserConnectionEnabled=true, nativeEvents=true, webStorageEnabled=true, rotatable=false, locationContextEnabled=true,
                     applicationCacheEnabled=true, takesScreenshot=true, version=17.0}]
                     
                  </a>
                   
                  
               </td>
            </tr>
            <tr>
               <td colspan="4" class="detailsBox">
                  <div id="testcases.Create_Mtroutes_mtroute_byClass_FAIL1_details"
                       class="testMethodDetails">
                     <div>
                        <b>Name: </b>mtroute
                     </div>
                     <div>
                        <b>Signature: </b>mtroute(java.util.Hashtable)[pri:0, instance:testcases.Create_Mtroutes@35807b9a]
                     </div>
                     <div>
                        <b>Parameters: </b>
                        
                        {Username=qa, Shortcode=66474, Password=password1, Runmode=, Browser=firefox}
                        
                        
                     </div>
                     <div>
                        <b>Start time: </b>13:28:20
                     </div>
                     <div>
                        <b>End time: </b>13:29:08
                     </div>
                     <div>
                        <b>Duration: </b>48s
                        
                     </div>
                  </div>
               </td>
            </tr>
            <tr>
               <td colspan="4" class="detailsBox">
                  <div id="testcases.Create_Mtroutes_mtroute_byClass_FAIL1_exception"
                       class="testMethodDetails">
                     <pre style="padding: 5px; margin: 0;">org.openqa.selenium.ElementNotVisibleException: Element is not currently visible and so may not be interacted with
                        Command duration or timeout: 20.10 seconds
                        Build info: version: '2.37.0', revision: 'a7c61cb', time: '2013-10-18 17:15:02'
                        System info: host: 'CHEN-BRajkumar', ip: '10.20.54.95', os.name: 'Windows 7', os.arch: 'amd64', os.version: '6.1', java.version:
                        '1.7.0_40'
                        Session ID: 09a3ede9-8cd8-4889-9557-11e3169b7ade
                        Driver info: org.openqa.selenium.firefox.FirefoxDriver
                        Capabilities [{platform=XP, databaseEnabled=true, cssSelectorsEnabled=true, javascriptEnabled=true, acceptSslCerts=true, handlesAlerts=true,
                        browserName=firefox, browserConnectionEnabled=true, nativeEvents=true, webStorageEnabled=true, rotatable=false, locationContextEnabled=true,
                        applicationCacheEnabled=true, takesScreenshot=true, version=17.0}]
                        	at sun.reflect.NativeConstructorAccessorImpl.newInstance0(Native Method)
                        	at sun.reflect.NativeConstructorAccessorImpl.newInstance(Unknown Source)
                        	at sun.reflect.DelegatingConstructorAccessorImpl.newInstance(Unknown Source)
                        	at java.lang.reflect.Constructor.newInstance(Unknown Source)
                        	at org.openqa.selenium.remote.ErrorHandler.createThrowable(ErrorHandler.java:193)
                        	at org.openqa.selenium.remote.ErrorHandler.throwIfResponseFailed(ErrorHandler.java:145)
                        	at org.openqa.selenium.remote.RemoteWebDriver.execute(RemoteWebDriver.java:554)
                        	at org.openqa.selenium.remote.RemoteWebElement.execute(RemoteWebElement.java:268)
                        	at org.openqa.selenium.remote.RemoteWebElement.click(RemoteWebElement.java:79)
                        	at utility.keywords.click(keywords.java:75)
                        	at utility.keywords.executeKeywords(keywords.java:61)
                        	at testcases.Create_Mtroutes.mtroute(Create_Mtroutes.java:32)
                        	at sun.reflect.NativeMethodAccessorImpl.invoke0(Native Method)
                        	at sun.reflect.NativeMethodAccessorImpl.invoke(Unknown Source)
                        	at sun.reflect.DelegatingMethodAccessorImpl.invoke(Unknown Source)
                        	at java.lang.reflect.Method.invoke(Unknown Source)
                        	at org.testng.internal.MethodInvocationHelper.invokeMethod(MethodInvocationHelper.java:84)
                        	at org.testng.internal.Invoker.invokeMethod(Invoker.java:714)
                        	at org.testng.internal.Invoker.invokeTestMethod(Invoker.java:901)
                        	at org.testng.internal.Invoker.invokeTestMethods(Invoker.java:1231)
                        	at org.testng.internal.TestMethodWorker.invokeTestMethods(TestMethodWorker.java:127)
                        	at org.testng.internal.TestMethodWorker.run(TestMethodWorker.java:111)
                        	at org.testng.TestRunner.privateRun(TestRunner.java:767)
                        	at org.testng.TestRunner.run(TestRunner.java:617)
                        	at org.testng.SuiteRunner.runTest(SuiteRunner.java:334)
                        	at org.testng.SuiteRunner.runSequentially(SuiteRunner.java:329)
                        	at org.testng.SuiteRunner.privateRun(SuiteRunner.java:291)
                        	at org.testng.SuiteRunner.run(SuiteRunner.java:240)
                        	at org.testng.SuiteRunnerWorker.runSuite(SuiteRunnerWorker.java:52)
                        	at org.testng.SuiteRunnerWorker.run(SuiteRunnerWorker.java:86)
                        	at org.testng.TestNG.runSuitesSequentially(TestNG.java:1224)
                        	at org.testng.TestNG.runSuitesLocally(TestNG.java:1149)
                        	at org.testng.TestNG.run(TestNG.java:1057)
                        	at org.testng.TestNG.privateMain(TestNG.java:1364)
                        	at org.testng.TestNG.main(TestNG.java:1333)
                        Caused by: org.openqa.selenium.remote.ErrorHandler$UnknownServerException: Element is not currently visible and so may not
                        be interacted with
                        Build info: version: '2.37.0', revision: 'a7c61cb', time: '2013-10-18 17:15:02'
                        System info: host: 'CHEN-BRajkumar', ip: '10.20.54.95', os.name: 'Windows 7', os.arch: 'amd64', os.version: '6.1', java.version:
                        '1.7.0_40'
                        Driver info: driver.version: unknown
                        	at &lt;anonymous class&gt;.fxdriver.preconditions.visible(file:///C:/Users/RBALAS~1/AppData/Local/Temp/anonymous6308395675762354780webdriver-profile/extensions/fxdriver@googlecode.com/components/command_processor.js:8210)
                        	at &lt;anonymous class&gt;.DelayedCommand.checkPreconditions_(file:///C:/Users/RBALAS~1/AppData/Local/Temp/anonymous6308395675762354780webdriver-profile/extensions/fxdriver@googlecode.com/components/command_processor.js:10827)
                        	at &lt;anonymous class&gt;.DelayedCommand.executeInternal_/h(file:///C:/Users/RBALAS~1/AppData/Local/Temp/anonymous6308395675762354780webdriver-profile/extensions/fxdriver@googlecode.com/components/command_processor.js:10844)
                        	at &lt;anonymous class&gt;.fxdriver.Timer.setTimeout/&lt;.notify(file:///C:/Users/RBALAS~1/AppData/Local/Temp/anonymous6308395675762354780webdriver-profile/extensions/fxdriver@googlecode.com/components/command_processor.js:396)
                     </pre>
                  </div>
               </td>
            </tr>
         </table>
         <br></br>
         <table class="testMethodsTable" cellpadding="0" cellspacing="0">
            <tr>
               <td colspan="4">
                  <h3 style="display: inline;">testcases.Create_Shortcodes</h3>
               </td>
            </tr>
            <tr class="methodsTableHeader">
               <td width="100%">Name</td>
               <td nowrap="true">Started</td>
               <td nowrap="true">Duration</td>
               <td>Exception</td>
            </tr>
            <tr id="testcases.Create_Shortcodes_createshortcode_byClass_PASS1_row"
                class="testMethodStatusPASS">
               <td width="100%" class="firstMethodCell">
                  <a onclick="toggleDetailsVisibility('testcases.Create_Shortcodes_createshortcode_byClass_PASS1_details')">createshortcode({Username=qa, Shortcode=66787, Password=password1, Runmode=, Customer=Air2Web, Browser=firefox})</a>
               </td>
               <td nowrap="true">13:27:47</td>
               <td nowrap="true" align="right">33s
                  
               </td>
               <td nowrap="true">
                   
                  
               </td>
            </tr>
            <tr>
               <td colspan="4" class="detailsBox">
                  <div id="testcases.Create_Shortcodes_createshortcode_byClass_PASS1_details"
                       class="testMethodDetails">
                     <div>
                        <b>Name: </b>createshortcode
                     </div>
                     <div>
                        <b>Signature: </b>createshortcode(java.util.Hashtable)[pri:0, instance:testcases.Create_Shortcodes@71922339]
                     </div>
                     <div>
                        <b>Parameters: </b>
                        
                        {Username=qa, Shortcode=66787, Password=password1, Runmode=, Customer=Air2Web, Browser=firefox}
                        
                        
                     </div>
                     <div>
                        <b>Start time: </b>13:27:47
                     </div>
                     <div>
                        <b>End time: </b>13:28:20
                     </div>
                     <div>
                        <b>Duration: </b>33s
                        
                     </div>
                  </div>
               </td>
            </tr>
            <tr></tr>
         </table>
         <br></br>
      </div>
      <div style="margin-top: 15px; color: gray; text-align: center; font-size: 9px;">
         Generated with
         
         <a href="http://code.google.com/p/testng-xslt/" style="color: #8888aa;"
            target="_blank">
            TestNG XSLT
            
         </a>
      </div>
   </body>
</html>