<?xml version="1.0" encoding="UTF-8"?>
<!-- Generated by org.testng.reporters.JUnitXMLReporter -->
<testsuite hostname="CHEN-BRajkumar" name="Create MO Routes" tests="1" failures="1" timestamp="9 Dec 2013 10:09:57 GMT" time="47.854" errors="0">
  <testcase name="moroute" time="46.339" classname="testcases.Create_Moroutes">
    <failure type="org.openqa.selenium.ElementNotVisibleException" message="Element is not currently visible and so may not be interacted with
Command duration or timeout: 20.11 seconds
Build info: version: &amp;apos;2.37.0&amp;apos;, revision: &amp;apos;a7c61cb&amp;apos;, time: &amp;apos;2013-10-18 17:15:02&amp;apos;
System info: host: &amp;apos;CHEN-BRajkumar&amp;apos;, ip: &amp;apos;10.20.54.95&amp;apos;, os.name: &amp;apos;Windows 7&amp;apos;, os.arch: &amp;apos;amd64&amp;apos;, os.version: &amp;apos;6.1&amp;apos;, java.version: &amp;apos;1.7.0_40&amp;apos;
Session ID: beea4b90-f089-44d5-a032-89737db9c0b4
Driver info: org.openqa.selenium.firefox.FirefoxDriver
Capabilities [{platform=XP, databaseEnabled=true, cssSelectorsEnabled=true, javascriptEnabled=true, acceptSslCerts=true, handlesAlerts=true, browserName=firefox, browserConnectionEnabled=true, nativeEvents=true, webStorageEnabled=true, rotatable=false, locationContextEnabled=true, applicationCacheEnabled=true, takesScreenshot=true, version=17.0}]">
      <![CDATA[org.openqa.selenium.ElementNotVisibleException: Element is not currently visible and so may not be interacted with
Command duration or timeout: 20.11 seconds
Build info: version: '2.37.0', revision: 'a7c61cb', time: '2013-10-18 17:15:02'
System info: host: 'CHEN-BRajkumar', ip: '10.20.54.95', os.name: 'Windows 7', os.arch: 'amd64', os.version: '6.1', java.version: '1.7.0_40'
Session ID: beea4b90-f089-44d5-a032-89737db9c0b4
Driver info: org.openqa.selenium.firefox.FirefoxDriver
Capabilities [{platform=XP, databaseEnabled=true, cssSelectorsEnabled=true, javascriptEnabled=true, acceptSslCerts=true, handlesAlerts=true, browserName=firefox, browserConnectionEnabled=true, nativeEvents=true, webStorageEnabled=true, rotatable=false, locationContextEnabled=true, applicationCacheEnabled=true, takesScreenshot=true, version=17.0}]
	at org.openqa.selenium.remote.ErrorHandler.createThrowable(ErrorHandler.java:193)
	at org.openqa.selenium.remote.ErrorHandler.throwIfResponseFailed(ErrorHandler.java:145)
	at org.openqa.selenium.remote.RemoteWebDriver.execute(RemoteWebDriver.java:554)
	at org.openqa.selenium.remote.RemoteWebElement.execute(RemoteWebElement.java:268)
	at org.openqa.selenium.remote.RemoteWebElement.click(RemoteWebElement.java:79)
	at utility.keywords.click(keywords.java:77)
	at utility.keywords.executeKeywords(keywords.java:61)
	at testcases.Create_Moroutes.moroute(Create_Moroutes.java:21)
Caused by: org.openqa.selenium.remote.ErrorHandler$UnknownServerException: Element is not currently visible and so may not be interacted with
Build info: version: '2.37.0', revision: 'a7c61cb', time: '2013-10-18 17:15:02'
System info: host: 'CHEN-BRajkumar', ip: '10.20.54.95', os.name: 'Windows 7', os.arch: 'amd64', os.version: '6.1', java.version: '1.7.0_40'
Driver info: driver.version: unknown
	at <anonymous class>.fxdriver.preconditions.visible(file:///C:/Users/RBALAS~1/AppData/Local/Temp/anonymous2602156515254011536webdriver-profile/extensions/fxdriver@googlecode.com/components/command_processor.js:8210)
	at <anonymous class>.DelayedCommand.checkPreconditions_(file:///C:/Users/RBALAS~1/AppData/Local/Temp/anonymous2602156515254011536webdriver-profile/extensions/fxdriver@googlecode.com/components/command_processor.js:10827)
	at <anonymous class>.DelayedCommand.executeInternal_/h(file:///C:/Users/RBALAS~1/AppData/Local/Temp/anonymous2602156515254011536webdriver-profile/extensions/fxdriver@googlecode.com/components/command_processor.js:10844)
	at <anonymous class>.fxdriver.Timer.setTimeout/<.notify(file:///C:/Users/RBALAS~1/AppData/Local/Temp/anonymous2602156515254011536webdriver-profile/extensions/fxdriver@googlecode.com/components/command_processor.js:396)
... Removed 27 stack frames]]>
    </failure>
  </testcase> <!-- moroute -->
</testsuite> <!-- Create MO Routes -->
